<?xml version="1.0" encoding="UTF-8"?>
<testng-results skipped="0" failed="0" ignored="0" total="1" passed="1">
  <reporter-output>
  </reporter-output>
  <suite name="Default suite" duration-ms="14079" started-at="2023-07-22T13:37:25Z" finished-at="2023-07-22T13:37:39Z">
    <groups>
    </groups>
    <test name="Default test" duration-ms="14079" started-at="2023-07-22T13:37:25Z" finished-at="2023-07-22T13:37:39Z">
      <class name="a1_googleTest.A1_GoogleTest">
        <test-method status="PASS" signature="validateGoogleTest()[pri:0, instance:a1_googleTest.A1_GoogleTest@3327bd23]" name="validateGoogleTest" duration-ms="14042" started-at="2023-07-22T19:07:25Z" finished-at="2023-07-22T19:07:39Z">
          <reporter-output>
          </reporter-output>
        </test-method> <!-- validateGoogleTest -->
      </class> <!-- a1_googleTest.A1_GoogleTest -->
    </test> <!-- Default test -->
  </suite> <!-- Default suite -->
</testng-results>
